<?xml version="1.0" encoding="UTF-8"?>
<!-- Generated by org.testng.reporters.JUnitReportReporter -->
<testsuite skipped="0" hostname="DESKTOP-TBQOJQQ" name="module6.Priority" tests="5" failures="0" timestamp="07 Feb 2019 17:11:07 GMT" time="0.038" errors="0">
  <testcase name="Jacob" time="0.023" classname="module6.Priority"/>
  <testcase name="Kalaivani" time="0.002" classname="module6.Priority"/>
  <testcase name="Shifali" time="0.008" classname="module6.Priority"/>
  <testcase name="Namrata" time="0.002" classname="module6.Priority"/>
  <testcase name="Tavish" time="0.003" classname="module6.Priority"/>
</testsuite> <!-- module6.Priority -->
