<?xml version="1.0" encoding="UTF-8"?>
<!-- Generated by org.testng.reporters.JUnitReportReporter -->
<testsuite skipped="0" hostname="DESKTOP-TBQOJQQ" name="module6.Sequencing" tests="5" failures="0" timestamp="07 Feb 2019 16:43:19 GMT" time="0.040" errors="0">
  <testcase name="Tavish" time="0.004" classname="module6.Sequencing"/>
  <testcase name="Kalaivani" time="0.015" classname="module6.Sequencing"/>
  <testcase name="Shifali" time="0.002" classname="module6.Sequencing"/>
  <testcase name="Jacob" time="0.016" classname="module6.Sequencing"/>
  <testcase name="Namrata" time="0.003" classname="module6.Sequencing"/>
</testsuite> <!-- module6.Sequencing -->
