<?xml version="1.0" encoding="UTF-8"?>
<!-- Generated by org.testng.reporters.JUnitReportReporter -->
<testsuite skipped="0" hostname="DESKTOP-TBQOJQQ" name="module6.NewTest" tests="1" failures="0" timestamp="07 Feb 2019 16:04:55 GMT" time="0.010" errors="0">
  <testcase name="f" time="0.010" classname="module6.NewTest"/>
</testsuite> <!-- module6.NewTest -->
