<?xml version="1.0" encoding="UTF-8"?>
<!-- Generated by org.testng.reporters.JUnitReportReporter -->
<testsuite skipped="0" hostname="DESKTOP-TBQOJQQ" name="module9.DDT" tests="10" failures="0" timestamp="15 Feb 2019 17:07:08 GMT" time="58.213" errors="0">
  <testcase name="TestAUT" time="6.180" classname="module9.DDT"/>
  <testcase name="TestAUT" time="5.566" classname="module9.DDT"/>
  <testcase name="TestAUT" time="6.257" classname="module9.DDT"/>
  <testcase name="TestAUT" time="5.609" classname="module9.DDT"/>
  <testcase name="TestAUT" time="5.720" classname="module9.DDT"/>
  <testcase name="TestAUT" time="5.974" classname="module9.DDT"/>
  <testcase name="TestAUT" time="5.635" classname="module9.DDT"/>
  <testcase name="TestAUT" time="6.026" classname="module9.DDT"/>
  <testcase name="TestAUT" time="5.659" classname="module9.DDT"/>
  <testcase name="TestAUT" time="5.587" classname="module9.DDT"/>
</testsuite> <!-- module9.DDT -->
