<?xml version="1.0" encoding="UTF-8"?>
<!-- Generated by org.testng.reporters.JUnitReportReporter -->
<testsuite skipped="1" hostname="DESKTOP-TBQOJQQ" name="module6.DisableEnable" tests="5" failures="0" timestamp="08 Feb 2019 15:21:33 GMT" time="0.039" errors="0">
  <testcase name="Jacob" time="0.035" classname="module6.DisableEnable"/>
  <testcase name="Shifali" time="0.002" classname="module6.DisableEnable"/>
  <testcase name="Namrata" time="0.001" classname="module6.DisableEnable"/>
  <testcase name="Tavish" time="0.001" classname="module6.DisableEnable"/>
  <testcase name="Kalaivani" classname="module6.DisableEnable">
    <skipped/>
  </testcase> <!-- Kalaivani -->
</testsuite> <!-- module6.DisableEnable -->
