<?xml version="1.0" encoding="UTF-8"?>
<!-- Generated by org.testng.reporters.JUnitReportReporter -->
<testsuite skipped="0" hostname="DESKTOP-TBQOJQQ" name="module6.Annotation" tests="1" failures="0" timestamp="07 Feb 2019 16:21:06 GMT" time="0.023" errors="0">
  <testcase name="TestMethod" time="0.023" classname="module6.Annotation"/>
</testsuite> <!-- module6.Annotation -->
