<?xml version="1.0" encoding="UTF-8"?>
<!-- Generated by org.testng.reporters.JUnitReportReporter -->
<testsuite skipped="0" hostname="DESKTOP-TBQOJQQ" name="module6.Grouping" tests="5" failures="0" timestamp="08 Feb 2019 15:51:41 GMT" time="0.062" errors="0">
  <testcase name="TC6" time="0.006" classname="module6.Grouping"/>
  <testcase name="TC8" time="0.005" classname="module6.Grouping"/>
  <testcase name="TC2" time="0.030" classname="module6.Grouping"/>
  <testcase name="TC3" time="0.016" classname="module6.Grouping"/>
  <testcase name="TC5" time="0.005" classname="module6.Grouping"/>
</testsuite> <!-- module6.Grouping -->
