<?xml version="1.0" encoding="UTF-8"?>
<!-- Generated by org.testng.reporters.JUnitReportReporter -->
<testsuite skipped="0" hostname="DESKTOP-TBQOJQQ" name="module7.GridExampleTest" tests="2" failures="0" timestamp="17 Feb 2019 14:53:24 GMT" time="19.598" errors="0">
  <testcase name="testGooglePageTitle" time="10.167" classname="module7.GridExampleTest"/>
  <testcase name="testGooglePageTitle" time="9.431" classname="module7.GridExampleTest"/>
</testsuite> <!-- module7.GridExampleTest -->
