<?xml version="1.0" encoding="UTF-8"?>
<!-- Generated by org.testng.reporters.JUnitReportReporter -->
<testsuite skipped="0" hostname="DESKTOP-TBQOJQQ" name="module9.DDT" tests="10" failures="0" timestamp="13 Feb 2019 17:00:11 GMT" time="57.112" errors="0">
  <testcase name="TestAUT" time="5.882" classname="module9.DDT"/>
  <testcase name="TestAUT" time="5.612" classname="module9.DDT"/>
  <testcase name="TestAUT" time="5.842" classname="module9.DDT"/>
  <testcase name="TestAUT" time="5.650" classname="module9.DDT"/>
  <testcase name="TestAUT" time="5.832" classname="module9.DDT"/>
  <testcase name="TestAUT" time="5.852" classname="module9.DDT"/>
  <testcase name="TestAUT" time="5.659" classname="module9.DDT"/>
  <testcase name="TestAUT" time="5.618" classname="module9.DDT"/>
  <testcase name="TestAUT" time="5.592" classname="module9.DDT"/>
  <testcase name="TestAUT" time="5.573" classname="module9.DDT"/>
</testsuite> <!-- module9.DDT -->
