<?xml version="1.0" encoding="UTF-8"?>
<!-- Generated by org.testng.reporters.JUnitReportReporter -->
<testsuite skipped="0" hostname="DESKTOP-TBQOJQQ" name="module6.Annotations" tests="1" failures="0" timestamp="07 Feb 2019 16:22:48 GMT" time="0.015" errors="0">
  <testcase name="Test" time="0.015" classname="module6.Annotations"/>
</testsuite> <!-- module6.Annotations -->
