<?xml version="1.0" encoding="UTF-8"?>
<!-- Generated by org.testng.reporters.JUnitReportReporter -->
<testsuite skipped="0" hostname="DESKTOP-TBQOJQQ" name="module7.GridExampleTest" tests="2" failures="0" timestamp="11 Feb 2019 15:47:01 GMT" time="18.305" errors="0">
  <testcase name="testGooglePageTitle" time="8.860" classname="module7.GridExampleTest"/>
  <testcase name="testGooglePageTitle" time="9.445" classname="module7.GridExampleTest"/>
</testsuite> <!-- module7.GridExampleTest -->
